The system is: Linux - 5.0.3-arch1-1-ARCH - x86_64
Compiling the C compiler identification source file "CMakeCCompilerId.c" succeeded.
Compiler: /home/lhrobs/raspberrypi/tools/arm-bcm2708/gcc-linaro-arm-linux-gnueabihf-raspbian-x64/bin/arm-linux-gnueabihf-gcc-4.8.3 
Build flags: 
Id flags:  

The output was:
0


Compilation of the C compiler identification source "CMakeCCompilerId.c" produced "a.out"

The C compiler identification is GNU, found in "/home/lhrobs/Documents/GitHub/BCI-RomeCup/BCI_NeuroRace/cmake-build-release-raspberry-pi/CMakeFiles/3.13.2/CompilerIdC/a.out"

Determining if the C compiler works passed with the following output:
Change Dir: /home/lhrobs/Documents/GitHub/BCI-RomeCup/BCI_NeuroRace/cmake-build-release-raspberry-pi/CMakeFiles/CMakeTmp

Run Build Command:"/usr/bin/make" "cmTC_3dda4/fast"
/usr/bin/make -f CMakeFiles/cmTC_3dda4.dir/build.make CMakeFiles/cmTC_3dda4.dir/build
make[1]: Entering directory '/home/lhrobs/Documents/GitHub/BCI-RomeCup/BCI_NeuroRace/cmake-build-release-raspberry-pi/CMakeFiles/CMakeTmp'
Building C object CMakeFiles/cmTC_3dda4.dir/testCCompiler.c.o
/home/lhrobs/raspberrypi/tools/arm-bcm2708/gcc-linaro-arm-linux-gnueabihf-raspbian-x64/bin/arm-linux-gnueabihf-gcc-4.8.3    -o CMakeFiles/cmTC_3dda4.dir/testCCompiler.c.o   -c /home/lhrobs/Documents/GitHub/BCI-RomeCup/BCI_NeuroRace/cmake-build-release-raspberry-pi/CMakeFiles/CMakeTmp/testCCompiler.c
Linking C executable cmTC_3dda4
/home/lhrobs/.local/share/JetBrains/Toolbox/apps/CLion/ch-0/183.5429.37/bin/cmake/linux/bin/cmake -E cmake_link_script CMakeFiles/cmTC_3dda4.dir/link.txt --verbose=1
/home/lhrobs/raspberrypi/tools/arm-bcm2708/gcc-linaro-arm-linux-gnueabihf-raspbian-x64/bin/arm-linux-gnueabihf-gcc-4.8.3      CMakeFiles/cmTC_3dda4.dir/testCCompiler.c.o  -o cmTC_3dda4 
make[1]: Leaving directory '/home/lhrobs/Documents/GitHub/BCI-RomeCup/BCI_NeuroRace/cmake-build-release-raspberry-pi/CMakeFiles/CMakeTmp'


Detecting C compiler ABI info compiled with the following output:
Change Dir: /home/lhrobs/Documents/GitHub/BCI-RomeCup/BCI_NeuroRace/cmake-build-release-raspberry-pi/CMakeFiles/CMakeTmp

Run Build Command:"/usr/bin/make" "cmTC_5b113/fast"
/usr/bin/make -f CMakeFiles/cmTC_5b113.dir/build.make CMakeFiles/cmTC_5b113.dir/build
make[1]: Entering directory '/home/lhrobs/Documents/GitHub/BCI-RomeCup/BCI_NeuroRace/cmake-build-release-raspberry-pi/CMakeFiles/CMakeTmp'
Building C object CMakeFiles/cmTC_5b113.dir/CMakeCCompilerABI.c.o
/home/lhrobs/raspberrypi/tools/arm-bcm2708/gcc-linaro-arm-linux-gnueabihf-raspbian-x64/bin/arm-linux-gnueabihf-gcc-4.8.3    -o CMakeFiles/cmTC_5b113.dir/CMakeCCompilerABI.c.o   -c /home/lhrobs/.local/share/JetBrains/Toolbox/apps/CLion/ch-0/183.5429.37/bin/cmake/linux/share/cmake-3.13/Modules/CMakeCCompilerABI.c
Linking C executable cmTC_5b113
/home/lhrobs/.local/share/JetBrains/Toolbox/apps/CLion/ch-0/183.5429.37/bin/cmake/linux/bin/cmake -E cmake_link_script CMakeFiles/cmTC_5b113.dir/link.txt --verbose=1
/home/lhrobs/raspberrypi/tools/arm-bcm2708/gcc-linaro-arm-linux-gnueabihf-raspbian-x64/bin/arm-linux-gnueabihf-gcc-4.8.3     -v CMakeFiles/cmTC_5b113.dir/CMakeCCompilerABI.c.o  -o cmTC_5b113 
Using built-in specs.
COLLECT_GCC=/home/lhrobs/raspberrypi/tools/arm-bcm2708/gcc-linaro-arm-linux-gnueabihf-raspbian-x64/bin/arm-linux-gnueabihf-gcc-4.8.3
COLLECT_LTO_WRAPPER=/home/lhrobs/raspberrypi/tools/arm-bcm2708/gcc-linaro-arm-linux-gnueabihf-raspbian-x64/bin/../libexec/gcc/arm-linux-gnueabihf/4.8.3/lto-wrapper
Target: arm-linux-gnueabihf
Configured with: /home/zhehe01/work/bzr/pi-build/builds/arm-linux-gnueabihf-raspbian-linux/.build/src/gcc-linaro-4.8-2014.03/configure --build=x86_64-build_unknown-linux-gnu --host=x86_64-build_unknown-linux-gnu --target=arm-linux-gnueabihf --prefix=/home/zhehe01/work/bzr/pi-build/builds/arm-linux-gnueabihf-raspbian-linux/install --with-sysroot=/home/zhehe01/work/bzr/pi-build/builds/arm-linux-gnueabihf-raspbian-linux/install/arm-linux-gnueabihf/libc --enable-languages=c,c++,fortran --disable-multilib --enable-multiarch --with-arch=armv6 --with-tune=arm1176jz-s --with-fpu=vfp --with-float=hard --with-pkgversion='crosstool-NG linaro-1.13.1+bzr2650 - Linaro GCC 2014.03' --with-bugurl=https://bugs.launchpad.net/gcc-linaro --enable-__cxa_atexit --enable-libmudflap --enable-libgomp --enable-libssp --with-gmp=/home/zhehe01/work/bzr/pi-build/builds/arm-linux-gnueabihf-raspbian-linux/.build/arm-linux-gnueabihf/build/static --with-mpfr=/home/zhehe01/work/bzr/pi-build/builds/arm-linux-gnueabihf-raspbian-linux/.build/arm-linux-gnueabihf/build/static --with-mpc=/home/zhehe01/work/bzr/pi-build/builds/arm-linux-gnueabihf-raspbian-linux/.build/arm-linux-gnueabihf/build/static --with-isl=/home/zhehe01/work/bzr/pi-build/builds/arm-linux-gnueabihf-raspbian-linux/.build/arm-linux-gnueabihf/build/static --with-cloog=/home/zhehe01/work/bzr/pi-build/builds/arm-linux-gnueabihf-raspbian-linux/.build/arm-linux-gnueabihf/build/static --with-libelf=/home/zhehe01/work/bzr/pi-build/builds/arm-linux-gnueabihf-raspbian-linux/.build/arm-linux-gnueabihf/build/static --enable-threads=posix --disable-libstdcxx-pch --enable-linker-build-id --enable-plugin --enable-gold --with-local-prefix=/home/zhehe01/work/bzr/pi-build/builds/arm-linux-gnueabihf-raspbian-linux/install/arm-linux-gnueabihf/libc --enable-c99 --enable-long-long --with-float=hard
Thread model: posix
gcc version 4.8.3 20140303 (prerelease) (crosstool-NG linaro-1.13.1+bzr2650 - Linaro GCC 2014.03) 
COMPILER_PATH=/home/lhrobs/raspberrypi/tools/arm-bcm2708/gcc-linaro-arm-linux-gnueabihf-raspbian-x64/bin/../libexec/gcc/arm-linux-gnueabihf/4.8.3/:/home/lhrobs/raspberrypi/tools/arm-bcm2708/gcc-linaro-arm-linux-gnueabihf-raspbian-x64/bin/../libexec/gcc/arm-linux-gnueabihf/:/home/lhrobs/raspberrypi/tools/arm-bcm2708/gcc-linaro-arm-linux-gnueabihf-raspbian-x64/bin/../libexec/gcc/:/home/lhrobs/raspberrypi/tools/arm-bcm2708/gcc-linaro-arm-linux-gnueabihf-raspbian-x64/bin/../libexec/gcc/arm-linux-gnueabihf/:/home/lhrobs/raspberrypi/tools/arm-bcm2708/gcc-linaro-arm-linux-gnueabihf-raspbian-x64/bin/../lib/gcc/arm-linux-gnueabihf/4.8.3/../../../../arm-linux-gnueabihf/bin/
LIBRARY_PATH=/home/lhrobs/raspberrypi/tools/arm-bcm2708/gcc-linaro-arm-linux-gnueabihf-raspbian-x64/bin/../lib/gcc/arm-linux-gnueabihf/4.8.3/:/home/lhrobs/raspberrypi/tools/arm-bcm2708/gcc-linaro-arm-linux-gnueabihf-raspbian-x64/bin/../lib/gcc/arm-linux-gnueabihf/:/home/lhrobs/raspberrypi/tools/arm-bcm2708/gcc-linaro-arm-linux-gnueabihf-raspbian-x64/bin/../lib/gcc/:/home/lhrobs/raspberrypi/tools/arm-bcm2708/gcc-linaro-arm-linux-gnueabihf-raspbian-x64/bin/../lib/gcc/arm-linux-gnueabihf/:/home/lhrobs/raspberrypi/tools/arm-bcm2708/gcc-linaro-arm-linux-gnueabihf-raspbian-x64/bin/../lib/gcc/arm-linux-gnueabihf/4.8.3/../../../../arm-linux-gnueabihf/lib/:/home/lhrobs/raspberrypi/tools/arm-bcm2708/gcc-linaro-arm-linux-gnueabihf-raspbian-x64/bin/../arm-linux-gnueabihf/libc/lib/arm-linux-gnueabihf/:/home/lhrobs/raspberrypi/tools/arm-bcm2708/gcc-linaro-arm-linux-gnueabihf-raspbian-x64/bin/../arm-linux-gnueabihf/libc/lib/:/home/lhrobs/raspberrypi/tools/arm-bcm2708/gcc-linaro-arm-linux-gnueabihf-raspbian-x64/bin/../arm-linux-gnueabihf/libc/lib/arm-linux-gnueabihf/:/home/lhrobs/raspberrypi/tools/arm-bcm2708/gcc-linaro-arm-linux-gnueabihf-raspbian-x64/bin/../arm-linux-gnueabihf/libc/usr/lib/arm-linux-gnueabihf/:/home/lhrobs/raspberrypi/tools/arm-bcm2708/gcc-linaro-arm-linux-gnueabihf-raspbian-x64/bin/../arm-linux-gnueabihf/libc/usr/lib/:/home/lhrobs/raspberrypi/tools/arm-bcm2708/gcc-linaro-arm-linux-gnueabihf-raspbian-x64/bin/../arm-linux-gnueabihf/libc/usr/lib/arm-linux-gnueabihf/
COLLECT_GCC_OPTIONS='-v' '-o' 'cmTC_5b113' '-march=armv6' '-mtune=arm1176jz-s' '-mfloat-abi=hard' '-mfpu=vfp' '-mtls-dialect=gnu'
 /home/lhrobs/raspberrypi/tools/arm-bcm2708/gcc-linaro-arm-linux-gnueabihf-raspbian-x64/bin/../libexec/gcc/arm-linux-gnueabihf/4.8.3/collect2 --sysroot=/home/lhrobs/raspberrypi/tools/arm-bcm2708/gcc-linaro-arm-linux-gnueabihf-raspbian-x64/bin/../arm-linux-gnueabihf/libc --build-id --eh-frame-hdr -dynamic-linker /lib/ld-linux-armhf.so.3 -X -m armelf_linux_eabi -o cmTC_5b113 /home/lhrobs/raspberrypi/tools/arm-bcm2708/gcc-linaro-arm-linux-gnueabihf-raspbian-x64/bin/../arm-linux-gnueabihf/libc/usr/lib/arm-linux-gnueabihf/crt1.o /home/lhrobs/raspberrypi/tools/arm-bcm2708/gcc-linaro-arm-linux-gnueabihf-raspbian-x64/bin/../arm-linux-gnueabihf/libc/usr/lib/arm-linux-gnueabihf/crti.o /home/lhrobs/raspberrypi/tools/arm-bcm2708/gcc-linaro-arm-linux-gnueabihf-raspbian-x64/bin/../lib/gcc/arm-linux-gnueabihf/4.8.3/crtbegin.o -L/home/lhrobs/raspberrypi/tools/arm-bcm2708/gcc-linaro-arm-linux-gnueabihf-raspbian-x64/bin/../lib/gcc/arm-linux-gnueabihf/4.8.3 -L/home/lhrobs/raspberrypi/tools/arm-bcm2708/gcc-linaro-arm-linux-gnueabihf-raspbian-x64/bin/../lib/gcc/arm-linux-gnueabihf -L/home/lhrobs/raspberrypi/tools/arm-bcm2708/gcc-linaro-arm-linux-gnueabihf-raspbian-x64/bin/../lib/gcc -L/home/lhrobs/raspberrypi/tools/arm-bcm2708/gcc-linaro-arm-linux-gnueabihf-raspbian-x64/bin/../lib/gcc/arm-linux-gnueabihf -L/home/lhrobs/raspberrypi/tools/arm-bcm2708/gcc-linaro-arm-linux-gnueabihf-raspbian-x64/bin/../lib/gcc/arm-linux-gnueabihf/4.8.3/../../../../arm-linux-gnueabihf/lib -L/home/lhrobs/raspberrypi/tools/arm-bcm2708/gcc-linaro-arm-linux-gnueabihf-raspbian-x64/bin/../arm-linux-gnueabihf/libc/lib/arm-linux-gnueabihf -L/home/lhrobs/raspberrypi/tools/arm-bcm2708/gcc-linaro-arm-linux-gnueabihf-raspbian-x64/bin/../arm-linux-gnueabihf/libc/lib -L/home/lhrobs/raspberrypi/tools/arm-bcm2708/gcc-linaro-arm-linux-gnueabihf-raspbian-x64/bin/../arm-linux-gnueabihf/libc/lib/arm-linux-gnueabihf -L/home/lhrobs/raspberrypi/tools/arm-bcm2708/gcc-linaro-arm-linux-gnueabihf-raspbian-x64/bin/../arm-linux-gnueabihf/libc/usr/lib/arm-linux-gnueabihf -L/home/lhrobs/raspberrypi/tools/arm-bcm2708/gcc-linaro-arm-linux-gnueabihf-raspbian-x64/bin/../arm-linux-gnueabihf/libc/usr/lib -L/home/lhrobs/raspberrypi/tools/arm-bcm2708/gcc-linaro-arm-linux-gnueabihf-raspbian-x64/bin/../arm-linux-gnueabihf/libc/usr/lib/arm-linux-gnueabihf CMakeFiles/cmTC_5b113.dir/CMakeCCompilerABI.c.o -lgcc --as-needed -lgcc_s --no-as-needed -lc -lgcc --as-needed -lgcc_s --no-as-needed /home/lhrobs/raspberrypi/tools/arm-bcm2708/gcc-linaro-arm-linux-gnueabihf-raspbian-x64/bin/../lib/gcc/arm-linux-gnueabihf/4.8.3/crtend.o /home/lhrobs/raspberrypi/tools/arm-bcm2708/gcc-linaro-arm-linux-gnueabihf-raspbian-x64/bin/../arm-linux-gnueabihf/libc/usr/lib/arm-linux-gnueabihf/crtn.o
make[1]: Leaving directory '/home/lhrobs/Documents/GitHub/BCI-RomeCup/BCI_NeuroRace/cmake-build-release-raspberry-pi/CMakeFiles/CMakeTmp'


Parsed C implicit link information from above output:
  link line regex: [^( *|.*[/\])(ld|CMAKE_LINK_STARTFILE-NOTFOUND|([^/\]+-)?ld|collect2)[^/\]*( |$)]
  ignore line: [Change Dir: /home/lhrobs/Documents/GitHub/BCI-RomeCup/BCI_NeuroRace/cmake-build-release-raspberry-pi/CMakeFiles/CMakeTmp]
  ignore line: []
  ignore line: [Run Build Command:"/usr/bin/make" "cmTC_5b113/fast"]
  ignore line: [/usr/bin/make -f CMakeFiles/cmTC_5b113.dir/build.make CMakeFiles/cmTC_5b113.dir/build]
  ignore line: [make[1]: Entering directory '/home/lhrobs/Documents/GitHub/BCI-RomeCup/BCI_NeuroRace/cmake-build-release-raspberry-pi/CMakeFiles/CMakeTmp']
  ignore line: [Building C object CMakeFiles/cmTC_5b113.dir/CMakeCCompilerABI.c.o]
  ignore line: [/home/lhrobs/raspberrypi/tools/arm-bcm2708/gcc-linaro-arm-linux-gnueabihf-raspbian-x64/bin/arm-linux-gnueabihf-gcc-4.8.3    -o CMakeFiles/cmTC_5b113.dir/CMakeCCompilerABI.c.o   -c /home/lhrobs/.local/share/JetBrains/Toolbox/apps/CLion/ch-0/183.5429.37/bin/cmake/linux/share/cmake-3.13/Modules/CMakeCCompilerABI.c]
  ignore line: [Linking C executable cmTC_5b113]
  ignore line: [/home/lhrobs/.local/share/JetBrains/Toolbox/apps/CLion/ch-0/183.5429.37/bin/cmake/linux/bin/cmake -E cmake_link_script CMakeFiles/cmTC_5b113.dir/link.txt --verbose=1]
  ignore line: [/home/lhrobs/raspberrypi/tools/arm-bcm2708/gcc-linaro-arm-linux-gnueabihf-raspbian-x64/bin/arm-linux-gnueabihf-gcc-4.8.3     -v CMakeFiles/cmTC_5b113.dir/CMakeCCompilerABI.c.o  -o cmTC_5b113 ]
  ignore line: [Using built-in specs.]
  ignore line: [COLLECT_GCC=/home/lhrobs/raspberrypi/tools/arm-bcm2708/gcc-linaro-arm-linux-gnueabihf-raspbian-x64/bin/arm-linux-gnueabihf-gcc-4.8.3]
  ignore line: [COLLECT_LTO_WRAPPER=/home/lhrobs/raspberrypi/tools/arm-bcm2708/gcc-linaro-arm-linux-gnueabihf-raspbian-x64/bin/../libexec/gcc/arm-linux-gnueabihf/4.8.3/lto-wrapper]
  ignore line: [Target: arm-linux-gnueabihf]
  ignore line: [Configured with: /home/zhehe01/work/bzr/pi-build/builds/arm-linux-gnueabihf-raspbian-linux/.build/src/gcc-linaro-4.8-2014.03/configure --build=x86_64-build_unknown-linux-gnu --host=x86_64-build_unknown-linux-gnu --target=arm-linux-gnueabihf --prefix=/home/zhehe01/work/bzr/pi-build/builds/arm-linux-gnueabihf-raspbian-linux/install --with-sysroot=/home/zhehe01/work/bzr/pi-build/builds/arm-linux-gnueabihf-raspbian-linux/install/arm-linux-gnueabihf/libc --enable-languages=c,c++,fortran --disable-multilib --enable-multiarch --with-arch=armv6 --with-tune=arm1176jz-s --with-fpu=vfp --with-float=hard --with-pkgversion='crosstool-NG linaro-1.13.1+bzr2650 - Linaro GCC 2014.03' --with-bugurl=https://bugs.launchpad.net/gcc-linaro --enable-__cxa_atexit --enable-libmudflap --enable-libgomp --enable-libssp --with-gmp=/home/zhehe01/work/bzr/pi-build/builds/arm-linux-gnueabihf-raspbian-linux/.build/arm-linux-gnueabihf/build/static --with-mpfr=/home/zhehe01/work/bzr/pi-build/builds/arm-linux-gnueabihf-raspbian-linux/.build/arm-linux-gnueabihf/build/static --with-mpc=/home/zhehe01/work/bzr/pi-build/builds/arm-linux-gnueabihf-raspbian-linux/.build/arm-linux-gnueabihf/build/static --with-isl=/home/zhehe01/work/bzr/pi-build/builds/arm-linux-gnueabihf-raspbian-linux/.build/arm-linux-gnueabihf/build/static --with-cloog=/home/zhehe01/work/bzr/pi-build/builds/arm-linux-gnueabihf-raspbian-linux/.build/arm-linux-gnueabihf/build/static --with-libelf=/home/zhehe01/work/bzr/pi-build/builds/arm-linux-gnueabihf-raspbian-linux/.build/arm-linux-gnueabihf/build/static --enable-threads=posix --disable-libstdcxx-pch --enable-linker-build-id --enable-plugin --enable-gold --with-local-prefix=/home/zhehe01/work/bzr/pi-build/builds/arm-linux-gnueabihf-raspbian-linux/install/arm-linux-gnueabihf/libc --enable-c99 --enable-long-long --with-float=hard]
  ignore line: [Thread model: posix]
  ignore line: [gcc version 4.8.3 20140303 (prerelease) (crosstool-NG linaro-1.13.1+bzr2650 - Linaro GCC 2014.03) ]
  ignore line: [COMPILER_PATH=/home/lhrobs/raspberrypi/tools/arm-bcm2708/gcc-linaro-arm-linux-gnueabihf-raspbian-x64/bin/../libexec/gcc/arm-linux-gnueabihf/4.8.3/:/home/lhrobs/raspberrypi/tools/arm-bcm2708/gcc-linaro-arm-linux-gnueabihf-raspbian-x64/bin/../libexec/gcc/arm-linux-gnueabihf/:/home/lhrobs/raspberrypi/tools/arm-bcm2708/gcc-linaro-arm-linux-gnueabihf-raspbian-x64/bin/../libexec/gcc/:/home/lhrobs/raspberrypi/tools/arm-bcm2708/gcc-linaro-arm-linux-gnueabihf-raspbian-x64/bin/../libexec/gcc/arm-linux-gnueabihf/:/home/lhrobs/raspberrypi/tools/arm-bcm2708/gcc-linaro-arm-linux-gnueabihf-raspbian-x64/bin/../lib/gcc/arm-linux-gnueabihf/4.8.3/../../../../arm-linux-gnueabihf/bin/]
  ignore line: [LIBRARY_PATH=/home/lhrobs/raspberrypi/tools/arm-bcm2708/gcc-linaro-arm-linux-gnueabihf-raspbian-x64/bin/../lib/gcc/arm-linux-gnueabihf/4.8.3/:/home/lhrobs/raspberrypi/tools/arm-bcm2708/gcc-linaro-arm-linux-gnueabihf-raspbian-x64/bin/../lib/gcc/arm-linux-gnueabihf/:/home/lhrobs/raspberrypi/tools/arm-bcm2708/gcc-linaro-arm-linux-gnueabihf-raspbian-x64/bin/../lib/gcc/:/home/lhrobs/raspberrypi/tools/arm-bcm2708/gcc-linaro-arm-linux-gnueabihf-raspbian-x64/bin/../lib/gcc/arm-linux-gnueabihf/:/home/lhrobs/raspberrypi/tools/arm-bcm2708/gcc-linaro-arm-linux-gnueabihf-raspbian-x64/bin/../lib/gcc/arm-linux-gnueabihf/4.8.3/../../../../arm-linux-gnueabihf/lib/:/home/lhrobs/raspberrypi/tools/arm-bcm2708/gcc-linaro-arm-linux-gnueabihf-raspbian-x64/bin/../arm-linux-gnueabihf/libc/lib/arm-linux-gnueabihf/:/home/lhrobs/raspberrypi/tools/arm-bcm2708/gcc-linaro-arm-linux-gnueabihf-raspbian-x64/bin/../arm-linux-gnueabihf/libc/lib/:/home/lhrobs/raspberrypi/tools/arm-bcm2708/gcc-linaro-arm-linux-gnueabihf-raspbian-x64/bin/../arm-linux-gnueabihf/libc/lib/arm-linux-gnueabihf/:/home/lhrobs/raspberrypi/tools/arm-bcm2708/gcc-linaro-arm-linux-gnueabihf-raspbian-x64/bin/../arm-linux-gnueabihf/libc/usr/lib/arm-linux-gnueabihf/:/home/lhrobs/raspberrypi/tools/arm-bcm2708/gcc-linaro-arm-linux-gnueabihf-raspbian-x64/bin/../arm-linux-gnueabihf/libc/usr/lib/:/home/lhrobs/raspberrypi/tools/arm-bcm2708/gcc-linaro-arm-linux-gnueabihf-raspbian-x64/bin/../arm-linux-gnueabihf/libc/usr/lib/arm-linux-gnueabihf/]
  ignore line: [COLLECT_GCC_OPTIONS='-v' '-o' 'cmTC_5b113' '-march=armv6' '-mtune=arm1176jz-s' '-mfloat-abi=hard' '-mfpu=vfp' '-mtls-dialect=gnu']
  link line: [ /home/lhrobs/raspberrypi/tools/arm-bcm2708/gcc-linaro-arm-linux-gnueabihf-raspbian-x64/bin/../libexec/gcc/arm-linux-gnueabihf/4.8.3/collect2 --sysroot=/home/lhrobs/raspberrypi/tools/arm-bcm2708/gcc-linaro-arm-linux-gnueabihf-raspbian-x64/bin/../arm-linux-gnueabihf/libc --build-id --eh-frame-hdr -dynamic-linker /lib/ld-linux-armhf.so.3 -X -m armelf_linux_eabi -o cmTC_5b113 /home/lhrobs/raspberrypi/tools/arm-bcm2708/gcc-linaro-arm-linux-gnueabihf-raspbian-x64/bin/../arm-linux-gnueabihf/libc/usr/lib/arm-linux-gnueabihf/crt1.o /home/lhrobs/raspberrypi/tools/arm-bcm2708/gcc-linaro-arm-linux-gnueabihf-raspbian-x64/bin/../arm-linux-gnueabihf/libc/usr/lib/arm-linux-gnueabihf/crti.o /home/lhrobs/raspberrypi/tools/arm-bcm2708/gcc-linaro-arm-linux-gnueabihf-raspbian-x64/bin/../lib/gcc/arm-linux-gnueabihf/4.8.3/crtbegin.o -L/home/lhrobs/raspberrypi/tools/arm-bcm2708/gcc-linaro-arm-linux-gnueabihf-raspbian-x64/bin/../lib/gcc/arm-linux-gnueabihf/4.8.3 -L/home/lhrobs/raspberrypi/tools/arm-bcm2708/gcc-linaro-arm-linux-gnueabihf-raspbian-x64/bin/../lib/gcc/arm-linux-gnueabihf -L/home/lhrobs/raspberrypi/tools/arm-bcm2708/gcc-linaro-arm-linux-gnueabihf-raspbian-x64/bin/../lib/gcc -L/home/lhrobs/raspberrypi/tools/arm-bcm2708/gcc-linaro-arm-linux-gnueabihf-raspbian-x64/bin/../lib/gcc/arm-linux-gnueabihf -L/home/lhrobs/raspberrypi/tools/arm-bcm2708/gcc-linaro-arm-linux-gnueabihf-raspbian-x64/bin/../lib/gcc/arm-linux-gnueabihf/4.8.3/../../../../arm-linux-gnueabihf/lib -L/home/lhrobs/raspberrypi/tools/arm-bcm2708/gcc-linaro-arm-linux-gnueabihf-raspbian-x64/bin/../arm-linux-gnueabihf/libc/lib/arm-linux-gnueabihf -L/home/lhrobs/raspberrypi/tools/arm-bcm2708/gcc-linaro-arm-linux-gnueabihf-raspbian-x64/bin/../arm-linux-gnueabihf/libc/lib -L/home/lhrobs/raspberrypi/tools/arm-bcm2708/gcc-linaro-arm-linux-gnueabihf-raspbian-x64/bin/../arm-linux-gnueabihf/libc/lib/arm-linux-gnueabihf -L/home/lhrobs/raspberrypi/tools/arm-bcm2708/gcc-linaro-arm-linux-gnueabihf-raspbian-x64/bin/../arm-linux-gnueabihf/libc/usr/lib/arm-linux-gnueabihf -L/home/lhrobs/raspberrypi/tools/arm-bcm2708/gcc-linaro-arm-linux-gnueabihf-raspbian-x64/bin/../arm-linux-gnueabihf/libc/usr/lib -L/home/lhrobs/raspberrypi/tools/arm-bcm2708/gcc-linaro-arm-linux-gnueabihf-raspbian-x64/bin/../arm-linux-gnueabihf/libc/usr/lib/arm-linux-gnueabihf CMakeFiles/cmTC_5b113.dir/CMakeCCompilerABI.c.o -lgcc --as-needed -lgcc_s --no-as-needed -lc -lgcc --as-needed -lgcc_s --no-as-needed /home/lhrobs/raspberrypi/tools/arm-bcm2708/gcc-linaro-arm-linux-gnueabihf-raspbian-x64/bin/../lib/gcc/arm-linux-gnueabihf/4.8.3/crtend.o /home/lhrobs/raspberrypi/tools/arm-bcm2708/gcc-linaro-arm-linux-gnueabihf-raspbian-x64/bin/../arm-linux-gnueabihf/libc/usr/lib/arm-linux-gnueabihf/crtn.o]
    arg [/home/lhrobs/raspberrypi/tools/arm-bcm2708/gcc-linaro-arm-linux-gnueabihf-raspbian-x64/bin/../libexec/gcc/arm-linux-gnueabihf/4.8.3/collect2] ==> ignore
    arg [--sysroot=/home/lhrobs/raspberrypi/tools/arm-bcm2708/gcc-linaro-arm-linux-gnueabihf-raspbian-x64/bin/../arm-linux-gnueabihf/libc] ==> ignore
    arg [--build-id] ==> ignore
    arg [--eh-frame-hdr] ==> ignore
    arg [-dynamic-linker] ==> ignore
    arg [/lib/ld-linux-armhf.so.3] ==> ignore
    arg [-X] ==> ignore
    arg [-m] ==> ignore
    arg [armelf_linux_eabi] ==> ignore
    arg [-o] ==> ignore
    arg [cmTC_5b113] ==> ignore
    arg [/home/lhrobs/raspberrypi/tools/arm-bcm2708/gcc-linaro-arm-linux-gnueabihf-raspbian-x64/bin/../arm-linux-gnueabihf/libc/usr/lib/arm-linux-gnueabihf/crt1.o] ==> ignore
    arg [/home/lhrobs/raspberrypi/tools/arm-bcm2708/gcc-linaro-arm-linux-gnueabihf-raspbian-x64/bin/../arm-linux-gnueabihf/libc/usr/lib/arm-linux-gnueabihf/crti.o] ==> ignore
    arg [/home/lhrobs/raspberrypi/tools/arm-bcm2708/gcc-linaro-arm-linux-gnueabihf-raspbian-x64/bin/../lib/gcc/arm-linux-gnueabihf/4.8.3/crtbegin.o] ==> ignore
    arg [-L/home/lhrobs/raspberrypi/tools/arm-bcm2708/gcc-linaro-arm-linux-gnueabihf-raspbian-x64/bin/../lib/gcc/arm-linux-gnueabihf/4.8.3] ==> dir [/home/lhrobs/raspberrypi/tools/arm-bcm2708/gcc-linaro-arm-linux-gnueabihf-raspbian-x64/bin/../lib/gcc/arm-linux-gnueabihf/4.8.3]
    arg [-L/home/lhrobs/raspberrypi/tools/arm-bcm2708/gcc-linaro-arm-linux-gnueabihf-raspbian-x64/bin/../lib/gcc/arm-linux-gnueabihf] ==> dir [/home/lhrobs/raspberrypi/tools/arm-bcm2708/gcc-linaro-arm-linux-gnueabihf-raspbian-x64/bin/../lib/gcc/arm-linux-gnueabihf]
    arg [-L/home/lhrobs/raspberrypi/tools/arm-bcm2708/gcc-linaro-arm-linux-gnueabihf-raspbian-x64/bin/../lib/gcc] ==> dir [/home/lhrobs/raspberrypi/tools/arm-bcm2708/gcc-linaro-arm-linux-gnueabihf-raspbian-x64/bin/../lib/gcc]
    arg [-L/home/lhrobs/raspberrypi/tools/arm-bcm2708/gcc-linaro-arm-linux-gnueabihf-raspbian-x64/bin/../lib/gcc/arm-linux-gnueabihf] ==> dir [/home/lhrobs/raspberrypi/tools/arm-bcm2708/gcc-linaro-arm-linux-gnueabihf-raspbian-x64/bin/../lib/gcc/arm-linux-gnueabihf]
    arg [-L/home/lhrobs/raspberrypi/tools/arm-bcm2708/gcc-linaro-arm-linux-gnueabihf-raspbian-x64/bin/../lib/gcc/arm-linux-gnueabihf/4.8.3/../../../../arm-linux-gnueabihf/lib] ==> dir [/home/lhrobs/raspberrypi/tools/arm-bcm2708/gcc-linaro-arm-linux-gnueabihf-raspbian-x64/bin/../lib/gcc/arm-linux-gnueabihf/4.8.3/../../../../arm-linux-gnueabihf/lib]
    arg [-L/home/lhrobs/raspberrypi/tools/arm-bcm2708/gcc-linaro-arm-linux-gnueabihf-raspbian-x64/bin/../arm-linux-gnueabihf/libc/lib/arm-linux-gnueabihf] ==> dir [/home/lhrobs/raspberrypi/tools/arm-bcm2708/gcc-linaro-arm-linux-gnueabihf-raspbian-x64/bin/../arm-linux-gnueabihf/libc/lib/arm-linux-gnueabihf]
    arg [-L/home/lhrobs/raspberrypi/tools/arm-bcm2708/gcc-linaro-arm-linux-gnueabihf-raspbian-x64/bin/../arm-linux-gnueabihf/libc/lib] ==> dir [/home/lhrobs/raspberrypi/tools/arm-bcm2708/gcc-linaro-arm-linux-gnueabihf-raspbian-x64/bin/../arm-linux-gnueabihf/libc/lib]
    arg [-L/home/lhrobs/raspberrypi/tools/arm-bcm2708/gcc-linaro-arm-linux-gnueabihf-raspbian-x64/bin/../arm-linux-gnueabihf/libc/lib/arm-linux-gnueabihf] ==> dir [/home/lhrobs/raspberrypi/tools/arm-bcm2708/gcc-linaro-arm-linux-gnueabihf-raspbian-x64/bin/../arm-linux-gnueabihf/libc/lib/arm-linux-gnueabihf]
    arg [-L/home/lhrobs/raspberrypi/tools/arm-bcm2708/gcc-linaro-arm-linux-gnueabihf-raspbian-x64/bin/../arm-linux-gnueabihf/libc/usr/lib/arm-linux-gnueabihf] ==> dir [/home/lhrobs/raspberrypi/tools/arm-bcm2708/gcc-linaro-arm-linux-gnueabihf-raspbian-x64/bin/../arm-linux-gnueabihf/libc/usr/lib/arm-linux-gnueabihf]
    arg [-L/home/lhrobs/raspberrypi/tools/arm-bcm2708/gcc-linaro-arm-linux-gnueabihf-raspbian-x64/bin/../arm-linux-gnueabihf/libc/usr/lib] ==> dir [/home/lhrobs/raspberrypi/tools/arm-bcm2708/gcc-linaro-arm-linux-gnueabihf-raspbian-x64/bin/../arm-linux-gnueabihf/libc/usr/lib]
    arg [-L/home/lhrobs/raspberrypi/tools/arm-bcm2708/gcc-linaro-arm-linux-gnueabihf-raspbian-x64/bin/../arm-linux-gnueabihf/libc/usr/lib/arm-linux-gnueabihf] ==> dir [/home/lhrobs/raspberrypi/tools/arm-bcm2708/gcc-linaro-arm-linux-gnueabihf-raspbian-x64/bin/../arm-linux-gnueabihf/libc/usr/lib/arm-linux-gnueabihf]
    arg [CMakeFiles/cmTC_5b113.dir/CMakeCCompilerABI.c.o] ==> ignore
    arg [-lgcc] ==> lib [gcc]
    arg [--as-needed] ==> ignore
    arg [-lgcc_s] ==> lib [gcc_s]
    arg [--no-as-needed] ==> ignore
    arg [-lc] ==> lib [c]
    arg [-lgcc] ==> lib [gcc]
    arg [--as-needed] ==> ignore
    arg [-lgcc_s] ==> lib [gcc_s]
    arg [--no-as-needed] ==> ignore
    arg [/home/lhrobs/raspberrypi/tools/arm-bcm2708/gcc-linaro-arm-linux-gnueabihf-raspbian-x64/bin/../lib/gcc/arm-linux-gnueabihf/4.8.3/crtend.o] ==> ignore
    arg [/home/lhrobs/raspberrypi/tools/arm-bcm2708/gcc-linaro-arm-linux-gnueabihf-raspbian-x64/bin/../arm-linux-gnueabihf/libc/usr/lib/arm-linux-gnueabihf/crtn.o] ==> ignore
  collapse library dir [/home/lhrobs/raspberrypi/tools/arm-bcm2708/gcc-linaro-arm-linux-gnueabihf-raspbian-x64/bin/../lib/gcc/arm-linux-gnueabihf/4.8.3] ==> [/home/lhrobs/raspberrypi/tools/arm-bcm2708/gcc-linaro-arm-linux-gnueabihf-raspbian-x64/lib/gcc/arm-linux-gnueabihf/4.8.3]
  collapse library dir [/home/lhrobs/raspberrypi/tools/arm-bcm2708/gcc-linaro-arm-linux-gnueabihf-raspbian-x64/bin/../lib/gcc/arm-linux-gnueabihf] ==> [/home/lhrobs/raspberrypi/tools/arm-bcm2708/gcc-linaro-arm-linux-gnueabihf-raspbian-x64/lib/gcc/arm-linux-gnueabihf]
  collapse library dir [/home/lhrobs/raspberrypi/tools/arm-bcm2708/gcc-linaro-arm-linux-gnueabihf-raspbian-x64/bin/../lib/gcc] ==> [/home/lhrobs/raspberrypi/tools/arm-bcm2708/gcc-linaro-arm-linux-gnueabihf-raspbian-x64/lib/gcc]
  collapse library dir [/home/lhrobs/raspberrypi/tools/arm-bcm2708/gcc-linaro-arm-linux-gnueabihf-raspbian-x64/bin/../lib/gcc/arm-linux-gnueabihf] ==> [/home/lhrobs/raspberrypi/tools/arm-bcm2708/gcc-linaro-arm-linux-gnueabihf-raspbian-x64/lib/gcc/arm-linux-gnueabihf]
  collapse library dir [/home/lhrobs/raspberrypi/tools/arm-bcm2708/gcc-linaro-arm-linux-gnueabihf-raspbian-x64/bin/../lib/gcc/arm-linux-gnueabihf/4.8.3/../../../../arm-linux-gnueabihf/lib] ==> [/home/lhrobs/raspberrypi/tools/arm-bcm2708/gcc-linaro-arm-linux-gnueabihf-raspbian-x64/arm-linux-gnueabihf/lib]
  collapse library dir [/home/lhrobs/raspberrypi/tools/arm-bcm2708/gcc-linaro-arm-linux-gnueabihf-raspbian-x64/bin/../arm-linux-gnueabihf/libc/lib/arm-linux-gnueabihf] ==> [/home/lhrobs/raspberrypi/tools/arm-bcm2708/gcc-linaro-arm-linux-gnueabihf-raspbian-x64/arm-linux-gnueabihf/libc/lib/arm-linux-gnueabihf]
  collapse library dir [/home/lhrobs/raspberrypi/tools/arm-bcm2708/gcc-linaro-arm-linux-gnueabihf-raspbian-x64/bin/../arm-linux-gnueabihf/libc/lib] ==> [/home/lhrobs/raspberrypi/tools/arm-bcm2708/gcc-linaro-arm-linux-gnueabihf-raspbian-x64/arm-linux-gnueabihf/libc/lib]
  collapse library dir [/home/lhrobs/raspberrypi/tools/arm-bcm2708/gcc-linaro-arm-linux-gnueabihf-raspbian-x64/bin/../arm-linux-gnueabihf/libc/lib/arm-linux-gnueabihf] ==> [/home/lhrobs/raspberrypi/tools/arm-bcm2708/gcc-linaro-arm-linux-gnueabihf-raspbian-x64/arm-linux-gnueabihf/libc/lib/arm-linux-gnueabihf]
  collapse library dir [/home/lhrobs/raspberrypi/tools/arm-bcm2708/gcc-linaro-arm-linux-gnueabihf-raspbian-x64/bin/../arm-linux-gnueabihf/libc/usr/lib/arm-linux-gnueabihf] ==> [/home/lhrobs/raspberrypi/tools/arm-bcm2708/gcc-linaro-arm-linux-gnueabihf-raspbian-x64/arm-linux-gnueabihf/libc/usr/lib/arm-linux-gnueabihf]
  collapse library dir [/home/lhrobs/raspberrypi/tools/arm-bcm2708/gcc-linaro-arm-linux-gnueabihf-raspbian-x64/bin/../arm-linux-gnueabihf/libc/usr/lib] ==> [/home/lhrobs/raspberrypi/tools/arm-bcm2708/gcc-linaro-arm-linux-gnueabihf-raspbian-x64/arm-linux-gnueabihf/libc/usr/lib]
  collapse library dir [/home/lhrobs/raspberrypi/tools/arm-bcm2708/gcc-linaro-arm-linux-gnueabihf-raspbian-x64/bin/../arm-linux-gnueabihf/libc/usr/lib/arm-linux-gnueabihf] ==> [/home/lhrobs/raspberrypi/tools/arm-bcm2708/gcc-linaro-arm-linux-gnueabihf-raspbian-x64/arm-linux-gnueabihf/libc/usr/lib/arm-linux-gnueabihf]
  implicit libs: [gcc;gcc_s;c;gcc;gcc_s]
  implicit dirs: [/home/lhrobs/raspberrypi/tools/arm-bcm2708/gcc-linaro-arm-linux-gnueabihf-raspbian-x64/lib/gcc/arm-linux-gnueabihf/4.8.3;/home/lhrobs/raspberrypi/tools/arm-bcm2708/gcc-linaro-arm-linux-gnueabihf-raspbian-x64/lib/gcc/arm-linux-gnueabihf;/home/lhrobs/raspberrypi/tools/arm-bcm2708/gcc-linaro-arm-linux-gnueabihf-raspbian-x64/lib/gcc;/home/lhrobs/raspberrypi/tools/arm-bcm2708/gcc-linaro-arm-linux-gnueabihf-raspbian-x64/arm-linux-gnueabihf/lib;/home/lhrobs/raspberrypi/tools/arm-bcm2708/gcc-linaro-arm-linux-gnueabihf-raspbian-x64/arm-linux-gnueabihf/libc/lib/arm-linux-gnueabihf;/home/lhrobs/raspberrypi/tools/arm-bcm2708/gcc-linaro-arm-linux-gnueabihf-raspbian-x64/arm-linux-gnueabihf/libc/lib;/home/lhrobs/raspberrypi/tools/arm-bcm2708/gcc-linaro-arm-linux-gnueabihf-raspbian-x64/arm-linux-gnueabihf/libc/usr/lib/arm-linux-gnueabihf;/home/lhrobs/raspberrypi/tools/arm-bcm2708/gcc-linaro-arm-linux-gnueabihf-raspbian-x64/arm-linux-gnueabihf/libc/usr/lib]
  implicit fwks: []




Detecting C [-std=c11] compiler features compiled with the following output:
Change Dir: /home/lhrobs/Documents/GitHub/BCI-RomeCup/BCI_NeuroRace/cmake-build-release-raspberry-pi/CMakeFiles/CMakeTmp

Run Build Command:"/usr/bin/make" "cmTC_ddfe3/fast"
/usr/bin/make -f CMakeFiles/cmTC_ddfe3.dir/build.make CMakeFiles/cmTC_ddfe3.dir/build
make[1]: Entering directory '/home/lhrobs/Documents/GitHub/BCI-RomeCup/BCI_NeuroRace/cmake-build-release-raspberry-pi/CMakeFiles/CMakeTmp'
Building C object CMakeFiles/cmTC_ddfe3.dir/feature_tests.c.o
/home/lhrobs/raspberrypi/tools/arm-bcm2708/gcc-linaro-arm-linux-gnueabihf-raspbian-x64/bin/arm-linux-gnueabihf-gcc-4.8.3   -std=c11 -o CMakeFiles/cmTC_ddfe3.dir/feature_tests.c.o   -c /home/lhrobs/Documents/GitHub/BCI-RomeCup/BCI_NeuroRace/cmake-build-release-raspberry-pi/CMakeFiles/feature_tests.c
Linking C executable cmTC_ddfe3
/home/lhrobs/.local/share/JetBrains/Toolbox/apps/CLion/ch-0/183.5429.37/bin/cmake/linux/bin/cmake -E cmake_link_script CMakeFiles/cmTC_ddfe3.dir/link.txt --verbose=1
/home/lhrobs/raspberrypi/tools/arm-bcm2708/gcc-linaro-arm-linux-gnueabihf-raspbian-x64/bin/arm-linux-gnueabihf-gcc-4.8.3      CMakeFiles/cmTC_ddfe3.dir/feature_tests.c.o  -o cmTC_ddfe3 
make[1]: Leaving directory '/home/lhrobs/Documents/GitHub/BCI-RomeCup/BCI_NeuroRace/cmake-build-release-raspberry-pi/CMakeFiles/CMakeTmp'


    Feature record: C_FEATURE:1c_function_prototypes
    Feature record: C_FEATURE:1c_restrict
    Feature record: C_FEATURE:1c_static_assert
    Feature record: C_FEATURE:1c_variadic_macros


Detecting C [-std=c99] compiler features compiled with the following output:
Change Dir: /home/lhrobs/Documents/GitHub/BCI-RomeCup/BCI_NeuroRace/cmake-build-release-raspberry-pi/CMakeFiles/CMakeTmp

Run Build Command:"/usr/bin/make" "cmTC_e23fb/fast"
/usr/bin/make -f CMakeFiles/cmTC_e23fb.dir/build.make CMakeFiles/cmTC_e23fb.dir/build
make[1]: Entering directory '/home/lhrobs/Documents/GitHub/BCI-RomeCup/BCI_NeuroRace/cmake-build-release-raspberry-pi/CMakeFiles/CMakeTmp'
Building C object CMakeFiles/cmTC_e23fb.dir/feature_tests.c.o
/home/lhrobs/raspberrypi/tools/arm-bcm2708/gcc-linaro-arm-linux-gnueabihf-raspbian-x64/bin/arm-linux-gnueabihf-gcc-4.8.3   -std=c99 -o CMakeFiles/cmTC_e23fb.dir/feature_tests.c.o   -c /home/lhrobs/Documents/GitHub/BCI-RomeCup/BCI_NeuroRace/cmake-build-release-raspberry-pi/CMakeFiles/feature_tests.c
Linking C executable cmTC_e23fb
/home/lhrobs/.local/share/JetBrains/Toolbox/apps/CLion/ch-0/183.5429.37/bin/cmake/linux/bin/cmake -E cmake_link_script CMakeFiles/cmTC_e23fb.dir/link.txt --verbose=1
/home/lhrobs/raspberrypi/tools/arm-bcm2708/gcc-linaro-arm-linux-gnueabihf-raspbian-x64/bin/arm-linux-gnueabihf-gcc-4.8.3      CMakeFiles/cmTC_e23fb.dir/feature_tests.c.o  -o cmTC_e23fb 
make[1]: Leaving directory '/home/lhrobs/Documents/GitHub/BCI-RomeCup/BCI_NeuroRace/cmake-build-release-raspberry-pi/CMakeFiles/CMakeTmp'


    Feature record: C_FEATURE:1c_function_prototypes
    Feature record: C_FEATURE:1c_restrict
    Feature record: C_FEATURE:0c_static_assert
    Feature record: C_FEATURE:1c_variadic_macros


Detecting C [-std=c90] compiler features compiled with the following output:
Change Dir: /home/lhrobs/Documents/GitHub/BCI-RomeCup/BCI_NeuroRace/cmake-build-release-raspberry-pi/CMakeFiles/CMakeTmp

Run Build Command:"/usr/bin/make" "cmTC_156fd/fast"
/usr/bin/make -f CMakeFiles/cmTC_156fd.dir/build.make CMakeFiles/cmTC_156fd.dir/build
make[1]: Entering directory '/home/lhrobs/Documents/GitHub/BCI-RomeCup/BCI_NeuroRace/cmake-build-release-raspberry-pi/CMakeFiles/CMakeTmp'
Building C object CMakeFiles/cmTC_156fd.dir/feature_tests.c.o
/home/lhrobs/raspberrypi/tools/arm-bcm2708/gcc-linaro-arm-linux-gnueabihf-raspbian-x64/bin/arm-linux-gnueabihf-gcc-4.8.3   -std=c90 -o CMakeFiles/cmTC_156fd.dir/feature_tests.c.o   -c /home/lhrobs/Documents/GitHub/BCI-RomeCup/BCI_NeuroRace/cmake-build-release-raspberry-pi/CMakeFiles/feature_tests.c
Linking C executable cmTC_156fd
/home/lhrobs/.local/share/JetBrains/Toolbox/apps/CLion/ch-0/183.5429.37/bin/cmake/linux/bin/cmake -E cmake_link_script CMakeFiles/cmTC_156fd.dir/link.txt --verbose=1
/home/lhrobs/raspberrypi/tools/arm-bcm2708/gcc-linaro-arm-linux-gnueabihf-raspbian-x64/bin/arm-linux-gnueabihf-gcc-4.8.3      CMakeFiles/cmTC_156fd.dir/feature_tests.c.o  -o cmTC_156fd 
make[1]: Leaving directory '/home/lhrobs/Documents/GitHub/BCI-RomeCup/BCI_NeuroRace/cmake-build-release-raspberry-pi/CMakeFiles/CMakeTmp'


    Feature record: C_FEATURE:1c_function_prototypes
    Feature record: C_FEATURE:0c_restrict
    Feature record: C_FEATURE:0c_static_assert
    Feature record: C_FEATURE:0c_variadic_macros
